Using pre-set license
Built from '2020.3/staging' branch; Version is '2020.3.5f1 (8095aa901b9b) revision 8426922'; Using compiler version '192528614'; Build Type 'Release'
OS: 'Windows 10 Home Single Language; OS build 18363.1500; Version 1909; 64bit' Language: 'en' Physical Memory: 8101 MB
BatchMode: 1, IsHumanControllingUs: 0, StartBugReporterOnCrash: 0, Is64bit: 1, IsPro: 0

 COMMAND LINE ARGUMENTS:
C:\Program Files\Unity\Hub\Editor\2020.3.5f1\Editor\Unity.exe
-adb2
-batchMode
-noUpm
-name
AssetImportWorker0
-projectPath
C:/Users/Animesh/FPS creation
-logFile
Logs/AssetImportWorker0.log
-srvPort
62605
Successfully changed project path to: C:/Users/Animesh/FPS creation
C:/Users/Animesh/FPS creation
Using Asset Import Pipeline V2.
Refreshing native plugins compatible for Editor in 129.36 ms, found 0 plugins.
Preloading 0 native plugins for Editor in 0.00 ms.
Initialize engine version: 2020.3.5f1 (8095aa901b9b)
[Subsystems] Discovering subsystems at path C:/Program Files/Unity/Hub/Editor/2020.3.5f1/Editor/Data/Resources/UnitySubsystems
[Subsystems] Discovering subsystems at path C:/Users/Animesh/FPS creation/Assets
GfxDevice: creating device client; threaded=0
Direct3D:
    Version:  Direct3D 11.0 [level 11.1]
    Renderer: Intel(R) UHD Graphics 620 (ID=0x5917)
    Vendor:   
    VRAM:     4050 MB
    Driver:   27.20.100.8190
Initialize mono
Mono path[0] = 'C:/Program Files/Unity/Hub/Editor/2020.3.5f1/Editor/Data/Managed'
Mono path[1] = 'C:/Program Files/Unity/Hub/Editor/2020.3.5f1/Editor/Data/MonoBleedingEdge/lib/mono/unityjit'
Mono config path = 'C:/Program Files/Unity/Hub/Editor/2020.3.5f1/Editor/Data/MonoBleedingEdge/etc'
Using monoOptions --debugger-agent=transport=dt_socket,embedding=1,server=y,suspend=n,address=127.0.0.1:56300
Begin MonoManager ReloadAssembly
Registering precompiled unity dll's ...
Register platform support module: C:/Program Files/Unity/Hub/Editor/2020.3.5f1/Editor/Data/PlaybackEngines/WebGLSupport/UnityEditor.WebGL.Extensions.dll
Register platform support module: C:/Program Files/Unity/Hub/Editor/2020.3.5f1/Editor/Data/PlaybackEngines/WindowsStandaloneSupport/UnityEditor.WindowsStandalone.Extensions.dll
Registered in 0.011343 seconds.
Native extension for WindowsStandalone target not found
Native extension for WebGL target not found
Refreshing native plugins compatible for Editor in 132.35 ms, found 0 plugins.
Preloading 0 native plugins for Editor in 0.00 ms.
Mono: successfully reloaded assembly
- Completed reload, in  4.159 seconds
Platform modules already initialized, skipping
Registering precompiled user dll's ...
Registered in 0.005533 seconds.
Begin MonoManager ReloadAssembly
Native extension for WindowsStandalone target not found
Native extension for WebGL target not found
Refreshing native plugins compatible for Editor in 217.28 ms, found 0 plugins.
Preloading 0 native plugins for Editor in 0.00 ms.
Mono: successfully reloaded assembly
- Completed reload, in  4.336 seconds
Platform modules already initialized, skipping
========================================================================
Worker process is ready to serve import requests
Launched and connected shader compiler UnityShaderCompiler.exe after 0.17 seconds
Refreshing native plugins compatible for Editor in 0.94 ms, found 0 plugins.
Preloading 0 native plugins for Editor in 0.00 ms.
Unloading 2459 Unused Serialized files (Serialized files now loaded: 0)
System memory in use before: 117.9 MB.
System memory in use after: 118.1 MB.

Unloading 74 unused Assets to reduce memory usage. Loaded Objects now: 2920.
Total: 6.010700 ms (FindLiveObjects: 0.690100 ms CreateObjectMapping: 0.472100 ms MarkObjects: 4.327800 ms  DeleteObjects: 0.518200 ms)

========================================================================
Received Import Request.
  path: Assets/Project/scripts/game/Gamecontroller.cs
  artifactKey: Guid(65922f38c2581bf469747c6ac62b503d) Importer(815301076,1909f56bfc062723c751e8b465ee728b)
Start importing Assets/Project/scripts/game/Gamecontroller.cs using Guid(65922f38c2581bf469747c6ac62b503d) Importer(815301076,1909f56bfc062723c751e8b465ee728b)  -> (artifact id: 'a9bc15c2742c1772d2bb44e77fe5d300') in 0.214958 seconds
  Import took 0.262092 seconds .

========================================================================
Received Prepare
Refreshing native plugins compatible for Editor in 4.22 ms, found 0 plugins.
Preloading 0 native plugins for Editor in 0.00 ms.
Unloading 4 Unused Serialized files (Serialized files now loaded: 0)
System memory in use before: 65.3 MB.
System memory in use after: 65.5 MB.

Unloading 3 unused Assets to reduce memory usage. Loaded Objects now: 2920.
Total: 5.244500 ms (FindLiveObjects: 0.439000 ms CreateObjectMapping: 0.254200 ms MarkObjects: 4.477800 ms  DeleteObjects: 0.070300 ms)

========================================================================
Received Import Request.
  Time since last request: 20.892979 seconds.
  path: Assets/Project/scripts/menu/MenuControlle.cs
  artifactKey: Guid(f69c878803a037c46b41aa9f1ee9c9af) Importer(815301076,1909f56bfc062723c751e8b465ee728b)
Start importing Assets/Project/scripts/menu/MenuControlle.cs using Guid(f69c878803a037c46b41aa9f1ee9c9af) Importer(815301076,1909f56bfc062723c751e8b465ee728b)  -> (artifact id: '7f14f18a4df90663e3cd2e7b4e7a6642') in 0.007195 seconds
  Import took 0.082973 seconds .

========================================================================
Received Import Request.
  Time since last request: 16.479764 seconds.
  path: Assets/Project/scripts/menu/CreditsScroller.cs
  artifactKey: Guid(04356fc5c41decf4ca1a3bdaf2253a27) Importer(815301076,1909f56bfc062723c751e8b465ee728b)
Start importing Assets/Project/scripts/menu/CreditsScroller.cs using Guid(04356fc5c41decf4ca1a3bdaf2253a27) Importer(815301076,1909f56bfc062723c751e8b465ee728b)  -> (artifact id: '0843e22bba07aae6ca46704ba660ec91') in 0.008434 seconds
  Import took 0.064806 seconds .

========================================================================
Received Prepare
Registering precompiled user dll's ...
Registered in 0.003901 seconds.
Begin MonoManager ReloadAssembly
Native extension for WindowsStandalone target not found
Native extension for WebGL target not found
Refreshing native plugins compatible for Editor in 0.92 ms, found 0 plugins.
Preloading 0 native plugins for Editor in 0.00 ms.
Mono: successfully reloaded assembly
- Completed reload, in  2.289 seconds
Platform modules already initialized, skipping
Refreshing native plugins compatible for Editor in 0.95 ms, found 0 plugins.
Preloading 0 native plugins for Editor in 0.00 ms.
Unloading 2406 Unused Serialized files (Serialized files now loaded: 0)
System memory in use before: 113.1 MB.
System memory in use after: 113.3 MB.

Unloading 69 unused Assets to reduce memory usage. Loaded Objects now: 2924.
Total: 5.370000 ms (FindLiveObjects: 0.460600 ms CreateObjectMapping: 0.238700 ms MarkObjects: 4.446400 ms  DeleteObjects: 0.222300 ms)

========================================================================
Received Prepare
Registering precompiled user dll's ...
Registered in 0.003967 seconds.
Begin MonoManager ReloadAssembly
Native extension for WindowsStandalone target not found
Native extension for WebGL target not found
Refreshing native plugins compatible for Editor in 0.94 ms, found 0 plugins.
Preloading 0 native plugins for Editor in 0.00 ms.
Mono: successfully reloaded assembly
- Completed reload, in  2.302 seconds
Platform modules already initialized, skipping
Refreshing native plugins compatible for Editor in 0.94 ms, found 0 plugins.
Preloading 0 native plugins for Editor in 0.00 ms.
Unloading 2406 Unused Serialized files (Serialized files now loaded: 0)
System memory in use before: 113.2 MB.
System memory in use after: 113.4 MB.

Unloading 69 unused Assets to reduce memory usage. Loaded Objects now: 2927.
Total: 5.365400 ms (FindLiveObjects: 0.453500 ms CreateObjectMapping: 0.224700 ms MarkObjects: 4.443400 ms  DeleteObjects: 0.241600 ms)

========================================================================
Received Prepare
Registering precompiled user dll's ...
Registered in 0.004032 seconds.
Begin MonoManager ReloadAssembly
Native extension for WindowsStandalone target not found
Native extension for WebGL target not found
Refreshing native plugins compatible for Editor in 0.93 ms, found 0 plugins.
Preloading 0 native plugins for Editor in 0.00 ms.
Mono: successfully reloaded assembly
- Completed reload, in  2.535 seconds
Platform modules already initialized, skipping
Refreshing native plugins compatible for Editor in 0.95 ms, found 0 plugins.
Preloading 0 native plugins for Editor in 0.00 ms.
Unloading 2406 Unused Serialized files (Serialized files now loaded: 0)
System memory in use before: 113.3 MB.
System memory in use after: 113.5 MB.

Unloading 69 unused Assets to reduce memory usage. Loaded Objects now: 2930.
Total: 5.599000 ms (FindLiveObjects: 0.421600 ms CreateObjectMapping: 0.278600 ms MarkObjects: 4.670600 ms  DeleteObjects: 0.226400 ms)

========================================================================
Received Prepare
Registering precompiled user dll's ...
Registered in 0.003918 seconds.
Begin MonoManager ReloadAssembly
Native extension for WindowsStandalone target not found
Native extension for WebGL target not found
Refreshing native plugins compatible for Editor in 0.93 ms, found 0 plugins.
Preloading 0 native plugins for Editor in 0.00 ms.
Mono: successfully reloaded assembly
- Completed reload, in  2.205 seconds
Platform modules already initialized, skipping
Refreshing native plugins compatible for Editor in 0.93 ms, found 0 plugins.
Preloading 0 native plugins for Editor in 0.00 ms.
Unloading 2406 Unused Serialized files (Serialized files now loaded: 0)
System memory in use before: 113.3 MB.
System memory in use after: 113.5 MB.

Unloading 69 unused Assets to reduce memory usage. Loaded Objects now: 2933.
Total: 5.262300 ms (FindLiveObjects: 0.423600 ms CreateObjectMapping: 0.209500 ms MarkObjects: 4.399900 ms  DeleteObjects: 0.226900 ms)

========================================================================
Received Import Request.
  Time since last request: 289.546123 seconds.
  path: Assets/Project/scene/Credits.unity
  artifactKey: Guid(02c68024c582820498124e9df5209b63) Importer(815301076,1909f56bfc062723c751e8b465ee728b)
Start importing Assets/Project/scene/Credits.unity using Guid(02c68024c582820498124e9df5209b63) Importer(815301076,1909f56bfc062723c751e8b465ee728b)  -> (artifact id: '05ff1e51f362ca2e9c835c7ff2b72678') in 0.015532 seconds
  Import took 0.157038 seconds .

========================================================================
Received Import Request.
  Time since last request: 29.382991 seconds.
  path: Assets
  artifactKey: Guid(00000000000000001000000000000000) Importer(815301076,1909f56bfc062723c751e8b465ee728b)
Start importing Assets using Guid(00000000000000001000000000000000) Importer(815301076,1909f56bfc062723c751e8b465ee728b)  -> (artifact id: 'e4856052512617ee48189cf1d7999900') in 0.007083 seconds
  Import took 0.041550 seconds .

========================================================================
Received Prepare
Registering precompiled user dll's ...
Registered in 0.003885 seconds.
Begin MonoManager ReloadAssembly
Native extension for WindowsStandalone target not found
Native extension for WebGL target not found
Refreshing native plugins compatible for Editor in 1.46 ms, found 0 plugins.
Preloading 0 native plugins for Editor in 0.00 ms.
Mono: successfully reloaded assembly
- Completed reload, in  2.326 seconds
Platform modules already initialized, skipping
Refreshing native plugins compatible for Editor in 0.94 ms, found 0 plugins.
Preloading 0 native plugins for Editor in 0.00 ms.
Unloading 2406 Unused Serialized files (Serialized files now loaded: 0)
System memory in use before: 113.3 MB.
System memory in use after: 113.5 MB.

Unloading 69 unused Assets to reduce memory usage. Loaded Objects now: 2936.
Total: 5.418200 ms (FindLiveObjects: 0.570500 ms CreateObjectMapping: 0.327100 ms MarkObjects: 4.286700 ms  DeleteObjects: 0.230200 ms)

========================================================================
Received Prepare
Refreshing native plugins compatible for Editor in 3.07 ms, found 0 plugins.
Preloading 0 native plugins for Editor in 0.00 ms.
Unloading 4 Unused Serialized files (Serialized files now loaded: 0)
System memory in use before: 65.7 MB.
System memory in use after: 65.9 MB.

Unloading 3 unused Assets to reduce memory usage. Loaded Objects now: 2936.
Total: 5.791700 ms (FindLiveObjects: 0.455300 ms CreateObjectMapping: 0.218100 ms MarkObjects: 5.081900 ms  DeleteObjects: 0.033500 ms)

