Using pre-set license
Built from '2020.3/staging' branch; Version is '2020.3.5f1 (8095aa901b9b) revision 8426922'; Using compiler version '192528614'; Build Type 'Release'
OS: 'Windows 10 Home Single Language; OS build 18363.1500; Version 1909; 64bit' Language: 'en' Physical Memory: 8101 MB
BatchMode: 1, IsHumanControllingUs: 0, StartBugReporterOnCrash: 0, Is64bit: 1, IsPro: 0

 COMMAND LINE ARGUMENTS:
C:\Program Files\Unity\Hub\Editor\2020.3.5f1\Editor\Unity.exe
-adb2
-batchMode
-noUpm
-name
AssetImportWorker2
-projectPath
C:/Users/Animesh/FPS creation
-logFile
Logs/AssetImportWorker2.log
-srvPort
60402
Successfully changed project path to: C:/Users/Animesh/FPS creation
C:/Users/Animesh/FPS creation
Using Asset Import Pipeline V2.
Refreshing native plugins compatible for Editor in 120.08 ms, found 0 plugins.
Preloading 0 native plugins for Editor in 0.00 ms.
Initialize engine version: 2020.3.5f1 (8095aa901b9b)
[Subsystems] Discovering subsystems at path C:/Program Files/Unity/Hub/Editor/2020.3.5f1/Editor/Data/Resources/UnitySubsystems
[Subsystems] Discovering subsystems at path C:/Users/Animesh/FPS creation/Assets
GfxDevice: creating device client; threaded=0
Direct3D:
    Version:  Direct3D 11.0 [level 11.1]
    Renderer: Intel(R) UHD Graphics 620 (ID=0x5917)
    Vendor:   
    VRAM:     4050 MB
    Driver:   27.20.100.8190
Initialize mono
Mono path[0] = 'C:/Program Files/Unity/Hub/Editor/2020.3.5f1/Editor/Data/Managed'
Mono path[1] = 'C:/Program Files/Unity/Hub/Editor/2020.3.5f1/Editor/Data/MonoBleedingEdge/lib/mono/unityjit'
Mono config path = 'C:/Program Files/Unity/Hub/Editor/2020.3.5f1/Editor/Data/MonoBleedingEdge/etc'
Using monoOptions --debugger-agent=transport=dt_socket,embedding=1,server=y,suspend=n,address=127.0.0.1:56136
Begin MonoManager ReloadAssembly
Registering precompiled unity dll's ...
Register platform support module: C:/Program Files/Unity/Hub/Editor/2020.3.5f1/Editor/Data/PlaybackEngines/WebGLSupport/UnityEditor.WebGL.Extensions.dll
Register platform support module: C:/Program Files/Unity/Hub/Editor/2020.3.5f1/Editor/Data/PlaybackEngines/WindowsStandaloneSupport/UnityEditor.WindowsStandalone.Extensions.dll
Registered in 0.007265 seconds.
Native extension for WindowsStandalone target not found
Native extension for WebGL target not found
Refreshing native plugins compatible for Editor in 116.25 ms, found 0 plugins.
Preloading 0 native plugins for Editor in 0.00 ms.
Mono: successfully reloaded assembly
- Completed reload, in  3.250 seconds
Platform modules already initialized, skipping
Registering precompiled user dll's ...
Registered in 0.004130 seconds.
Begin MonoManager ReloadAssembly
Native extension for WindowsStandalone target not found
Native extension for WebGL target not found
Refreshing native plugins compatible for Editor in 118.80 ms, found 0 plugins.
Preloading 0 native plugins for Editor in 0.00 ms.
Mono: successfully reloaded assembly
- Completed reload, in  4.621 seconds
Platform modules already initialized, skipping
========================================================================
Worker process is ready to serve import requests
Launched and connected shader compiler UnityShaderCompiler.exe after 0.25 seconds
Refreshing native plugins compatible for Editor in 1.51 ms, found 0 plugins.
Preloading 0 native plugins for Editor in 0.00 ms.
Unloading 2459 Unused Serialized files (Serialized files now loaded: 0)
System memory in use before: 117.9 MB.
System memory in use after: 118.1 MB.

Unloading 74 unused Assets to reduce memory usage. Loaded Objects now: 2920.
Total: 5.616300 ms (FindLiveObjects: 0.453700 ms CreateObjectMapping: 0.234000 ms MarkObjects: 4.404000 ms  DeleteObjects: 0.522200 ms)

========================================================================
Received Import Request.
  path: Assets/Project/scene/GameOver.unity
  artifactKey: Guid(8b9c8f8cdfcc4e04db2d85f65a28558d) Importer(815301076,1909f56bfc062723c751e8b465ee728b)
Start importing Assets/Project/scene/GameOver.unity using Guid(8b9c8f8cdfcc4e04db2d85f65a28558d) Importer(815301076,1909f56bfc062723c751e8b465ee728b)  -> (artifact id: '87c81daf1ce160cabeff8ca848fbbadd') in 0.076477 seconds
  Import took 0.084335 seconds .

========================================================================
Received Import Request.
  Time since last request: 0.000577 seconds.
  path: Assets/Project/scene/level1
  artifactKey: Guid(b4fba17e8c17b57479a1af9632ca5fb9) Importer(815301076,1909f56bfc062723c751e8b465ee728b)
Start importing Assets/Project/scene/level1 using Guid(b4fba17e8c17b57479a1af9632ca5fb9) Importer(815301076,1909f56bfc062723c751e8b465ee728b)  -> (artifact id: '1062f39425cfd51314b584fa84df0c38') in 0.004674 seconds
  Import took 0.033903 seconds .

========================================================================
Received Import Request.
  Time since last request: 0.000667 seconds.
  path: Assets/Project/scene/Credits.unity
  artifactKey: Guid(02c68024c582820498124e9df5209b63) Importer(815301076,1909f56bfc062723c751e8b465ee728b)
Start importing Assets/Project/scene/Credits.unity using Guid(02c68024c582820498124e9df5209b63) Importer(815301076,1909f56bfc062723c751e8b465ee728b)  -> (artifact id: '59e68d76594d859f97f6428713860a4a') in 0.005922 seconds
  Import took 0.013541 seconds .

========================================================================
Received Import Request.
  Time since last request: 0.000453 seconds.
  path: Assets/Project/scene/level1.unity
  artifactKey: Guid(161cf28e1ecd19241b06612aeaa8dcc9) Importer(815301076,1909f56bfc062723c751e8b465ee728b)
Start importing Assets/Project/scene/level1.unity using Guid(161cf28e1ecd19241b06612aeaa8dcc9) Importer(815301076,1909f56bfc062723c751e8b465ee728b)  -> (artifact id: '3a679142f8ecc07483b5661d8bcddb48') in 0.005668 seconds
  Import took 0.014049 seconds .

========================================================================
Received Prepare
Registering precompiled user dll's ...
Registered in 0.003941 seconds.
Begin MonoManager ReloadAssembly
Native extension for WindowsStandalone target not found
Native extension for WebGL target not found
Refreshing native plugins compatible for Editor in 1.16 ms, found 0 plugins.
Preloading 0 native plugins for Editor in 0.00 ms.
Mono: successfully reloaded assembly
- Completed reload, in  2.254 seconds
Platform modules already initialized, skipping
Refreshing native plugins compatible for Editor in 1.79 ms, found 0 plugins.
Preloading 0 native plugins for Editor in 0.00 ms.
Unloading 2405 Unused Serialized files (Serialized files now loaded: 0)
System memory in use before: 113.2 MB.
System memory in use after: 113.4 MB.

Unloading 69 unused Assets to reduce memory usage. Loaded Objects now: 2923.
Total: 5.331700 ms (FindLiveObjects: 0.398000 ms CreateObjectMapping: 0.223600 ms MarkObjects: 4.487700 ms  DeleteObjects: 0.220000 ms)

========================================================================
Received Import Request.
  Time since last request: 300.785625 seconds.
  path: Assets/Project/scene/Menu.unity
  artifactKey: Guid(9ea73950176dd5c468a931b9783a0616) Importer(815301076,1909f56bfc062723c751e8b465ee728b)
Start importing Assets/Project/scene/Menu.unity using Guid(9ea73950176dd5c468a931b9783a0616) Importer(815301076,1909f56bfc062723c751e8b465ee728b)  -> (artifact id: '15a0ea2431e30f06a29aa4906bb24185') in 0.017485 seconds
  Import took 0.042871 seconds .

========================================================================
Received Import Request.
  Time since last request: 47.595810 seconds.
  path: Assets/creditsAnim.anim
  artifactKey: Guid(2253f1ff63902444892ac936ac266d25) Importer(815301076,1909f56bfc062723c751e8b465ee728b)
Start importing Assets/creditsAnim.anim using Guid(2253f1ff63902444892ac936ac266d25) Importer(815301076,1909f56bfc062723c751e8b465ee728b)  -> (artifact id: 'dd35f4a2e59b137ed51f185f694a6d01') in 0.159247 seconds
  Import took 0.221552 seconds .

========================================================================
Received Import Request.
  Time since last request: 1.623062 seconds.
  path: Assets/credits scroller.controller
  artifactKey: Guid(48b8618bea7cf174cbef36224bd1b975) Importer(815301076,1909f56bfc062723c751e8b465ee728b)
Start importing Assets/credits scroller.controller using Guid(48b8618bea7cf174cbef36224bd1b975) Importer(815301076,1909f56bfc062723c751e8b465ee728b)  -> (artifact id: 'd2eb73e703d8f9315ce8dad9544c3724') in 0.015756 seconds
  Import took 0.081464 seconds .

========================================================================
Received Prepare
Registering precompiled user dll's ...
Registered in 0.003948 seconds.
Begin MonoManager ReloadAssembly
Native extension for WindowsStandalone target not found
Native extension for WebGL target not found
Refreshing native plugins compatible for Editor in 0.95 ms, found 0 plugins.
Preloading 0 native plugins for Editor in 0.00 ms.
Mono: successfully reloaded assembly
- Completed reload, in  2.505 seconds
Platform modules already initialized, skipping
Refreshing native plugins compatible for Editor in 0.94 ms, found 0 plugins.
Preloading 0 native plugins for Editor in 0.00 ms.
Unloading 2405 Unused Serialized files (Serialized files now loaded: 0)
System memory in use before: 113.2 MB.
System memory in use after: 113.5 MB.

Unloading 69 unused Assets to reduce memory usage. Loaded Objects now: 2926.
Total: 5.271300 ms (FindLiveObjects: 0.441700 ms CreateObjectMapping: 0.240200 ms MarkObjects: 4.344500 ms  DeleteObjects: 0.242500 ms)

AssetImportWorkerClient::OnTransportError - code=2 error=End of file
